<?xml version="1.0" encoding="UTF-8"?>
<!-- Generated by org.testng.reporters.JUnitReportReporter -->
<testsuite skipped="0" hostname="User" name="framework.TestNG" tests="1" failures="0" timestamp="05 Jul 2019 11:25:59 GMT" time="50.118" errors="0">
  <testcase name="liveMatch" time="50.118" classname="framework.TestNG"/>
</testsuite> <!-- framework.TestNG -->
